Using pre-set license
Built from '2021.3/staging' branch; Version is '2021.3.13f1 (9e7d58001ecf) revision 10386776'; Using compiler version '192829333'; Build Type 'Release'
OS: 'Windows 10  (10.0.19045) 64bit Core' Language: 'ja' Physical Memory: 8118 MB
BatchMode: 1, IsHumanControllingUs: 0, StartBugReporterOnCrash: 0, Is64bit: 1, IsPro: 1

COMMAND LINE ARGUMENTS:
C:\Program Files\Unity\Hub\Editor\2021.3.13f1\Editor\Unity.exe
-adb2
-batchMode
-noUpm
-name
AssetImportWorker0
-projectPath
C:/Users/hirok/Documents/Unity/Fungus_Test
-logFile
Logs/AssetImportWorker0.log
-srvPort
59867
Successfully changed project path to: C:/Users/hirok/Documents/Unity/Fungus_Test
C:/Users/hirok/Documents/Unity/Fungus_Test
[UnityMemory] Configuration Parameters - Can be set up in boot.config
    "memorysetup-bucket-allocator-granularity=16"
    "memorysetup-bucket-allocator-bucket-count=8"
    "memorysetup-bucket-allocator-block-size=33554432"
    "memorysetup-bucket-allocator-block-count=8"
    "memorysetup-main-allocator-block-size=16777216"
    "memorysetup-thread-allocator-block-size=16777216"
    "memorysetup-gfx-main-allocator-block-size=16777216"
    "memorysetup-gfx-thread-allocator-block-size=16777216"
    "memorysetup-cache-allocator-block-size=4194304"
    "memorysetup-typetree-allocator-block-size=2097152"
    "memorysetup-profiler-bucket-allocator-granularity=16"
    "memorysetup-profiler-bucket-allocator-bucket-count=8"
    "memorysetup-profiler-bucket-allocator-block-size=33554432"
    "memorysetup-profiler-bucket-allocator-block-count=8"
    "memorysetup-profiler-allocator-block-size=16777216"
    "memorysetup-profiler-editor-allocator-block-size=1048576"
    "memorysetup-temp-allocator-size-main=16777216"
    "memorysetup-job-temp-allocator-block-size=2097152"
    "memorysetup-job-temp-allocator-block-size-background=1048576"
    "memorysetup-job-temp-allocator-reduction-small-platforms=262144"
    "memorysetup-temp-allocator-size-background-worker=32768"
    "memorysetup-temp-allocator-size-job-worker=262144"
    "memorysetup-temp-allocator-size-preload-manager=33554432"
    "memorysetup-temp-allocator-size-nav-mesh-worker=65536"
    "memorysetup-temp-allocator-size-audio-worker=65536"
    "memorysetup-temp-allocator-size-cloud-worker=32768"
    "memorysetup-temp-allocator-size-gi-baking-worker=262144"
    "memorysetup-temp-allocator-size-gfx=262144"
Refreshing native plugins compatible for Editor in 177.85 ms, found 3 plugins.
Preloading 0 native plugins for Editor in 0.00 ms.
Initialize engine version: 2021.3.13f1 (9e7d58001ecf)
[Subsystems] Discovering subsystems at path C:/Program Files/Unity/Hub/Editor/2021.3.13f1/Editor/Data/Resources/UnitySubsystems
[Subsystems] Discovering subsystems at path C:/Users/hirok/Documents/Unity/Fungus_Test/Assets
GfxDevice: creating device client; threaded=0; jobified=0
Direct3D:
    Version:  Direct3D 11.0 [level 11.1]
    Renderer: Intel(R) UHD Graphics 620 (ID=0x5917)
    Vendor:   Intel
    VRAM:     4059 MB
    Driver:   27.20.100.9416
Initialize mono
Mono path[0] = 'C:/Program Files/Unity/Hub/Editor/2021.3.13f1/Editor/Data/Managed'
Mono path[1] = 'C:/Program Files/Unity/Hub/Editor/2021.3.13f1/Editor/Data/MonoBleedingEdge/lib/mono/unityjit-win32'
Mono config path = 'C:/Program Files/Unity/Hub/Editor/2021.3.13f1/Editor/Data/MonoBleedingEdge/etc'
Using monoOptions --debugger-agent=transport=dt_socket,embedding=1,server=y,suspend=n,address=127.0.0.1:56584
Begin MonoManager ReloadAssembly
Registering precompiled unity dll's ...
Register platform support module: C:/Program Files/Unity/Hub/Editor/2021.3.13f1/Editor/Data/PlaybackEngines/WindowsStandaloneSupport/UnityEditor.WindowsStandalone.Extensions.dll
Registered in 0.014971 seconds.
Native extension for WindowsStandalone target not found
Refreshing native plugins compatible for Editor in 154.90 ms, found 3 plugins.
Preloading 0 native plugins for Editor in 0.00 ms.
Mono: successfully reloaded assembly
- Completed reload, in  1.151 seconds
Domain Reload Profiling:
	ReloadAssembly (1152ms)
		BeginReloadAssembly (221ms)
			ExecutionOrderSort (0ms)
			DisableScriptedObjects (0ms)
			BackupInstance (0ms)
			ReleaseScriptingObjects (0ms)
			CreateAndSetChildDomain (1ms)
		EndReloadAssembly (753ms)
			LoadAssemblies (218ms)
			RebuildTransferFunctionScriptingTraits (0ms)
			SetupTypeCache (173ms)
			ReleaseScriptCaches (0ms)
			RebuildScriptCaches (46ms)
			SetupLoadedEditorAssemblies (464ms)
				LogAssemblyErrors (0ms)
				InitializePlatformSupportModulesInManaged (12ms)
				SetLoadedEditorAssemblies (0ms)
				RefreshPlugins (155ms)
				BeforeProcessingInitializeOnLoad (1ms)
				ProcessInitializeOnLoadAttributes (220ms)
				ProcessInitializeOnLoadMethodAttributes (74ms)
				AfterProcessingInitializeOnLoad (0ms)
				EditorAssembliesLoaded (0ms)
			ExecutionOrderSort2 (0ms)
			AwakeInstancesAfterBackupRestoration (0ms)
Platform modules already initialized, skipping
Registering precompiled user dll's ...
Registered in 0.011381 seconds.
Begin MonoManager ReloadAssembly
Native extension for WindowsStandalone target not found
Refreshing native plugins compatible for Editor in 149.04 ms, found 3 plugins.
Preloading 0 native plugins for Editor in 0.00 ms.
Mono: successfully reloaded assembly
- Completed reload, in  2.340 seconds
Domain Reload Profiling:
	ReloadAssembly (2341ms)
		BeginReloadAssembly (240ms)
			ExecutionOrderSort (0ms)
			DisableScriptedObjects (8ms)
			BackupInstance (0ms)
			ReleaseScriptingObjects (0ms)
			CreateAndSetChildDomain (28ms)
		EndReloadAssembly (1901ms)
			LoadAssemblies (338ms)
			RebuildTransferFunctionScriptingTraits (0ms)
			SetupTypeCache (493ms)
			ReleaseScriptCaches (1ms)
			RebuildScriptCaches (91ms)
			SetupLoadedEditorAssemblies (972ms)
				LogAssemblyErrors (0ms)
				InitializePlatformSupportModulesInManaged (6ms)
				SetLoadedEditorAssemblies (0ms)
				RefreshPlugins (149ms)
				BeforeProcessingInitializeOnLoad (208ms)
				ProcessInitializeOnLoadAttributes (550ms)
				ProcessInitializeOnLoadMethodAttributes (46ms)
				AfterProcessingInitializeOnLoad (13ms)
				EditorAssembliesLoaded (0ms)
			ExecutionOrderSort2 (0ms)
			AwakeInstancesAfterBackupRestoration (14ms)
Platform modules already initialized, skipping
========================================================================
Worker process is ready to serve import requests
Launched and connected shader compiler UnityShaderCompiler.exe after 0.10 seconds
Refreshing native plugins compatible for Editor in 0.97 ms, found 3 plugins.
Preloading 0 native plugins for Editor in 0.00 ms.
Unloading 4441 Unused Serialized files (Serialized files now loaded: 0)
Unloading 30 unused Assets / (113.9 KB). Loaded Objects now: 4900.
Memory consumption went from 157.0 MB to 156.9 MB.
Total: 5.047500 ms (FindLiveObjects: 0.451700 ms CreateObjectMapping: 0.443600 ms MarkObjects: 3.939900 ms  DeleteObjects: 0.211000 ms)

AssetImportParameters requested are different than current active one (requested -> active):
  custom:video-decoder-ogg-theora: a1e56fd34408186e4bbccfd4996cb3dc -> 
  custom:container-muxer-webm: aa71ff27fc2769a1b78a27578f13a17b -> 
  custom:container-demuxer-webm: 4f35f7cbe854078d1ac9338744f61a02 -> 
  custom:video-encoder-webm-vp8: eb34c28f22e8b96e1ab97ce403110664 -> 
  custom:video-codec-MediaFoundation-h265: 746d11721c4dcdbdad8f713fa42b33f4 -> 
  custom:audio-encoder-webm-vorbis: bf7c407c2cedff20999df2af8eb42d56 -> 
  custom:framework-win-MediaFoundation: 216162199b28c13a410421893ffa2e32 -> 
  custom:container-demuxer-ogg: 62fdf1f143b41e24485cea50d1cbac27 -> 
  custom:video-decoder-webm-vp8: 9c59270c3fd7afecdb556c50c9e8de78 -> 
  custom:audio-decoder-ogg-vorbis: bf7c407c2cedff20999df2af8eb42d56 -> 
========================================================================
Received Import Request.
  Time since last request: 125478.241471 seconds.
  path: Packages/com.unity.ide.visualstudio/Editor/com.unity.ide.visualstudio.asmdef
  artifactKey: Guid(b93f844d45cfcc44fa2b0eed5c9ec6bb) Importer(815301076,1909f56bfc062723c751e8b465ee728b)
Start importing Packages/com.unity.ide.visualstudio/Editor/com.unity.ide.visualstudio.asmdef using Guid(b93f844d45cfcc44fa2b0eed5c9ec6bb) Importer(815301076,1909f56bfc062723c751e8b465ee728b)  -> (artifact id: '458dce39154d56260747e9ec46840c92') in 0.081300 seconds 
========================================================================
Received Import Request.
  Time since last request: 0.000041 seconds.
  path: Packages/com.unity.collab-proxy/Editor/Collaborate/Unity.CollabProxy.Editor.asmdef
  artifactKey: Guid(17b36165d09634a48bf5a0e4bb27f4bd) Importer(815301076,1909f56bfc062723c751e8b465ee728b)
Start importing Packages/com.unity.collab-proxy/Editor/Collaborate/Unity.CollabProxy.Editor.asmdef using Guid(17b36165d09634a48bf5a0e4bb27f4bd) Importer(815301076,1909f56bfc062723c751e8b465ee728b)  -> (artifact id: '49a4745d0e60b075159c0ab9a3a2ae75') in 0.015242 seconds 
========================================================================
Received Import Request.
  Time since last request: 0.000083 seconds.
  path: Packages/com.unity.ide.rider/Rider/Editor/com.unity.ide.rider.asmdef
  artifactKey: Guid(d528c8c98d269ca44a06cd9624a03945) Importer(815301076,1909f56bfc062723c751e8b465ee728b)
Start importing Packages/com.unity.ide.rider/Rider/Editor/com.unity.ide.rider.asmdef using Guid(d528c8c98d269ca44a06cd9624a03945) Importer(815301076,1909f56bfc062723c751e8b465ee728b)  -> (artifact id: 'b0f53e4b1e41ee2a233100344b30c9fb') in 0.019823 seconds 
========================================================================
Received Import Request.
  Time since last request: 0.000038 seconds.
  path: Packages/com.unity.ide.vscode/Editor/Unity.com.unity.vscode.Editor.asmdef
  artifactKey: Guid(8b845b123ab418448a8be2935fa804e0) Importer(815301076,1909f56bfc062723c751e8b465ee728b)
Start importing Packages/com.unity.ide.vscode/Editor/Unity.com.unity.vscode.Editor.asmdef using Guid(8b845b123ab418448a8be2935fa804e0) Importer(815301076,1909f56bfc062723c751e8b465ee728b)  -> (artifact id: 'ee24f502f1831b8e657cb65f046e4c5a') in 0.012003 seconds 
========================================================================
Received Import Request.
  Time since last request: 0.000046 seconds.
  path: Packages/com.unity.testtools.codecoverage/Editor/CodeCoverage.Editor.asmdef
  artifactKey: Guid(37180d43aa4b85c4b9076e2ef48a3b2a) Importer(815301076,1909f56bfc062723c751e8b465ee728b)
Start importing Packages/com.unity.testtools.codecoverage/Editor/CodeCoverage.Editor.asmdef using Guid(37180d43aa4b85c4b9076e2ef48a3b2a) Importer(815301076,1909f56bfc062723c751e8b465ee728b)  -> (artifact id: '96a8995b8454314effa350d1bf3356da') in 0.010759 seconds 
========================================================================
Received Import Request.
  Time since last request: 0.000035 seconds.
  path: Packages/com.unity.testtools.codecoverage/Editor/Compatibility/Compatibility.asmdef
  artifactKey: Guid(5518f4bf96c8e9849ab65cbaaf1191e1) Importer(815301076,1909f56bfc062723c751e8b465ee728b)
Start importing Packages/com.unity.testtools.codecoverage/Editor/Compatibility/Compatibility.asmdef using Guid(5518f4bf96c8e9849ab65cbaaf1191e1) Importer(815301076,1909f56bfc062723c751e8b465ee728b)  -> (artifact id: '7370fef70a95abc6acfe4f82acb5735f') in 0.010976 seconds 
========================================================================
Received Import Request.
  Time since last request: 0.000050 seconds.
  path: Assets/Fungus/Thirdparty/FungusLua/Scripts/Editor/Fungus.FungusLuaEditor.asmdef
  artifactKey: Guid(68356f51e7c115448be4b12e1d73df06) Importer(815301076,1909f56bfc062723c751e8b465ee728b)
Start importing Assets/Fungus/Thirdparty/FungusLua/Scripts/Editor/Fungus.FungusLuaEditor.asmdef using Guid(68356f51e7c115448be4b12e1d73df06) Importer(815301076,1909f56bfc062723c751e8b465ee728b)  -> (artifact id: '4c3a4b2145f20c97d3f9f285045ce122') in 0.010747 seconds 
========================================================================
Received Import Request.
  Time since last request: 11.250698 seconds.
  path: Packages/com.unity.editorcoroutines/Editor/Unity.EditorCoroutines.Editor.asmdef
  artifactKey: Guid(478a2357cc57436488a56e564b08d223) Importer(815301076,1909f56bfc062723c751e8b465ee728b)
Start importing Packages/com.unity.editorcoroutines/Editor/Unity.EditorCoroutines.Editor.asmdef using Guid(478a2357cc57436488a56e564b08d223) Importer(815301076,1909f56bfc062723c751e8b465ee728b)  -> (artifact id: '5fd6155e3d147665dff4b9027a6ae71c') in 0.008291 seconds 
========================================================================
Received Import Request.
  Time since last request: 0.286525 seconds.
  path: Packages/com.unity.inputsystem/InputSystem/Unity.InputSystem.asmdef
  artifactKey: Guid(75469ad4d38634e559750d17036d5f7c) Importer(815301076,1909f56bfc062723c751e8b465ee728b)
Start importing Packages/com.unity.inputsystem/InputSystem/Unity.InputSystem.asmdef using Guid(75469ad4d38634e559750d17036d5f7c) Importer(815301076,1909f56bfc062723c751e8b465ee728b)  -> (artifact id: 'c6decf2ccb010cb4f402754549854624') in 0.008560 seconds 
========================================================================
Received Import Request.
  Time since last request: 0.022571 seconds.
  path: Packages/com.unity.inputsystem/Tests/IntegrationTests/Unity.InputSystem.IntegrationTests.asmdef
  artifactKey: Guid(3ae5734e49d646442ad24f37762ebdd2) Importer(815301076,1909f56bfc062723c751e8b465ee728b)
Start importing Packages/com.unity.inputsystem/Tests/IntegrationTests/Unity.InputSystem.IntegrationTests.asmdef using Guid(3ae5734e49d646442ad24f37762ebdd2) Importer(815301076,1909f56bfc062723c751e8b465ee728b)  -> (artifact id: '76b8b40a885f83e16f56629eb34f7556') in 0.007025 seconds 
========================================================================
Received Import Request.
  Time since last request: 0.233622 seconds.
  path: Packages/com.unity.inputsystem/Tests/TestFixture/Unity.InputSystem.TestFramework.asmdef
  artifactKey: Guid(dc04f38471c3a459fb4d31124ee9127d) Importer(815301076,1909f56bfc062723c751e8b465ee728b)
Start importing Packages/com.unity.inputsystem/Tests/TestFixture/Unity.InputSystem.TestFramework.asmdef using Guid(dc04f38471c3a459fb4d31124ee9127d) Importer(815301076,1909f56bfc062723c751e8b465ee728b)  -> (artifact id: '26c506a1962dcc8ce50d1de26431fbe6') in 0.008314 seconds 
========================================================================
Received Import Request.
  Time since last request: 0.277129 seconds.
  path: Packages/com.unity.performance.profile-analyzer/Editor/Unity.Performance.Profile-Analyzer.Editor.asmdef
  artifactKey: Guid(211d499e772b640dbb43b9de9b957156) Importer(815301076,1909f56bfc062723c751e8b465ee728b)
Start importing Packages/com.unity.performance.profile-analyzer/Editor/Unity.Performance.Profile-Analyzer.Editor.asmdef using Guid(211d499e772b640dbb43b9de9b957156) Importer(815301076,1909f56bfc062723c751e8b465ee728b)  -> (artifact id: 'ac6374126cf39dd6b0a695e492385b26') in 0.007222 seconds 
========================================================================
Received Import Request.
  Time since last request: 0.244532 seconds.
  path: Packages/com.unity.performance.profile-analyzer/Tests/Editor/Unity.Performance.Profile-Analyzer.EditorTests.asmdef
  artifactKey: Guid(97505fd80b553409c995f274ad2a533b) Importer(815301076,1909f56bfc062723c751e8b465ee728b)
Start importing Packages/com.unity.performance.profile-analyzer/Tests/Editor/Unity.Performance.Profile-Analyzer.EditorTests.asmdef using Guid(97505fd80b553409c995f274ad2a533b) Importer(815301076,1909f56bfc062723c751e8b465ee728b)  -> (artifact id: 'ebb4b27dc8ee831626c92e210ef9674d') in 0.008516 seconds 
========================================================================
Received Import Request.
  Time since last request: 0.027801 seconds.
  path: Packages/com.unity.collab-proxy/Editor/PlasticSCM/Unity.PlasticSCM.Editor.asmdef
  artifactKey: Guid(4b84427fd7ace4b4cb623ef8a46124ed) Importer(815301076,1909f56bfc062723c751e8b465ee728b)
Start importing Packages/com.unity.collab-proxy/Editor/PlasticSCM/Unity.PlasticSCM.Editor.asmdef using Guid(4b84427fd7ace4b4cb623ef8a46124ed) Importer(815301076,1909f56bfc062723c751e8b465ee728b)  -> (artifact id: '6ff2382948b68f993f130b2ddb9133eb') in 0.009104 seconds 
========================================================================
Received Import Request.
  Time since last request: 0.245134 seconds.
  path: Packages/com.unity.services.core/Runtime/Core/Unity.Services.Core.asmdef
  artifactKey: Guid(fe25561d224ed4743af4c60938a59d0b) Importer(815301076,1909f56bfc062723c751e8b465ee728b)
Start importing Packages/com.unity.services.core/Runtime/Core/Unity.Services.Core.asmdef using Guid(fe25561d224ed4743af4c60938a59d0b) Importer(815301076,1909f56bfc062723c751e8b465ee728b)  -> (artifact id: 'c17a8acc7f408262d83a11748eba4d86') in 0.007975 seconds 
========================================================================
Received Import Request.
  Time since last request: 0.231607 seconds.
  path: Packages/com.unity.services.core/Runtime/Analytics/Unity.Services.Core.Analytics.asmdef
  artifactKey: Guid(1104de264d522446f8274872ebf70b3d) Importer(815301076,1909f56bfc062723c751e8b465ee728b)
Start importing Packages/com.unity.services.core/Runtime/Analytics/Unity.Services.Core.Analytics.asmdef using Guid(1104de264d522446f8274872ebf70b3d) Importer(815301076,1909f56bfc062723c751e8b465ee728b)  -> (artifact id: 'a7dec3f571cedd22ceb09134d2027d42') in 0.012998 seconds 
========================================================================
Received Import Request.
  Time since last request: 3.089336 seconds.
  path: Packages/com.unity.services.core/Editor/Core/Configuration/Unity.Services.Core.Configuration.Editor.asmdef
  artifactKey: Guid(d0d897c4aa12b8140b650ec29e099ff7) Importer(815301076,1909f56bfc062723c751e8b465ee728b)
Start importing Packages/com.unity.services.core/Editor/Core/Configuration/Unity.Services.Core.Configuration.Editor.asmdef using Guid(d0d897c4aa12b8140b650ec29e099ff7) Importer(815301076,1909f56bfc062723c751e8b465ee728b)  -> (artifact id: '179e29091d340cac114b12f600ac7bb9') in 0.009486 seconds 
========================================================================
Received Import Request.
  Time since last request: 0.457481 seconds.
  path: Packages/com.unity.services.core/Runtime/Device/Unity.Services.Core.Device.asmdef
  artifactKey: Guid(614c328814c3e4cb89d08dcc15048513) Importer(815301076,1909f56bfc062723c751e8b465ee728b)
Start importing Packages/com.unity.services.core/Runtime/Device/Unity.Services.Core.Device.asmdef using Guid(614c328814c3e4cb89d08dcc15048513) Importer(815301076,1909f56bfc062723c751e8b465ee728b)  -> (artifact id: '240ea095d2eb058776c7f2ad3a4c0f1c') in 0.010453 seconds 
========================================================================
Received Import Request.
  Time since last request: 8.507274 seconds.
  path: Packages/com.unity.timeline/DocCodeExamples/DocCodeExamples.asmdef
  artifactKey: Guid(9550f6b9c1ac87345a996c43f204fb30) Importer(815301076,1909f56bfc062723c751e8b465ee728b)
Start importing Packages/com.unity.timeline/DocCodeExamples/DocCodeExamples.asmdef using Guid(9550f6b9c1ac87345a996c43f204fb30) Importer(815301076,1909f56bfc062723c751e8b465ee728b)  -> (artifact id: '28603d01d997c68c199bd576781570d9') in 0.010492 seconds 
========================================================================
Received Import Request.
  Time since last request: 0.550731 seconds.
  path: Assets/Fungus/Thirdparty/FungusLua/Thirdparty/JSON/Editor/Fungus.FungusLuaJSONCheckerEditor.asmdef
  artifactKey: Guid(7c368c7d787b2f7418e16e5079276def) Importer(815301076,1909f56bfc062723c751e8b465ee728b)
Start importing Assets/Fungus/Thirdparty/FungusLua/Thirdparty/JSON/Editor/Fungus.FungusLuaJSONCheckerEditor.asmdef using Guid(7c368c7d787b2f7418e16e5079276def) Importer(815301076,1909f56bfc062723c751e8b465ee728b)  -> (artifact id: '248893df452cbb465910b9f19efd7683') in 0.009177 seconds 
========================================================================
Received Import Request.
  Time since last request: 2.895636 seconds.
  path: Assets/Fungus/Thirdparty/LineEndings/Editor/Fungus.LineEndingsEditor.asmdef
  artifactKey: Guid(c2b511c416619ce4488b142fc194a244) Importer(815301076,1909f56bfc062723c751e8b465ee728b)
Start importing Assets/Fungus/Thirdparty/LineEndings/Editor/Fungus.LineEndingsEditor.asmdef using Guid(c2b511c416619ce4488b142fc194a244) Importer(815301076,1909f56bfc062723c751e8b465ee728b)  -> (artifact id: '0c6383cf71ed50048f5842898c6f61dc') in 0.009965 seconds 
========================================================================
Received Import Request.
  Time since last request: 32.901217 seconds.
  path: Assets/Fungus/Scripts
  artifactKey: Guid(fa184a0dd8f1c46cbb12b7fcf9b1b06a) Importer(815301076,1909f56bfc062723c751e8b465ee728b)
Start importing Assets/Fungus/Scripts using Guid(fa184a0dd8f1c46cbb12b7fcf9b1b06a) Importer(815301076,1909f56bfc062723c751e8b465ee728b)  -> (artifact id: '627285eccb5c77e56d2bf4c60ae18e70') in 0.011704 seconds 
========================================================================
Received Import Request.
  Time since last request: 5.844605 seconds.
  path: Assets/Fungus/Scripts/Commands
  artifactKey: Guid(d957a50af081d49998801a81811881fe) Importer(815301076,1909f56bfc062723c751e8b465ee728b)
Start importing Assets/Fungus/Scripts/Commands using Guid(d957a50af081d49998801a81811881fe) Importer(815301076,1909f56bfc062723c751e8b465ee728b)  -> (artifact id: '6b06c35cd4f719a567d62b05cf32174c') in 0.012044 seconds 
========================================================================
Received Prepare
Registering precompiled user dll's ...
Registered in 0.010289 seconds.
Begin MonoManager ReloadAssembly
Native extension for WindowsStandalone target not found
Refreshing native plugins compatible for Editor in 1.03 ms, found 3 plugins.
Preloading 0 native plugins for Editor in 0.00 ms.
Mono: successfully reloaded assembly
- Completed reload, in  1.615 seconds
Domain Reload Profiling:
	ReloadAssembly (1616ms)
		BeginReloadAssembly (247ms)
			ExecutionOrderSort (0ms)
			DisableScriptedObjects (12ms)
			BackupInstance (0ms)
			ReleaseScriptingObjects (0ms)
			CreateAndSetChildDomain (71ms)
		EndReloadAssembly (1210ms)
			LoadAssemblies (149ms)
			RebuildTransferFunctionScriptingTraits (0ms)
			SetupTypeCache (436ms)
			ReleaseScriptCaches (1ms)
			RebuildScriptCaches (51ms)
			SetupLoadedEditorAssemblies (529ms)
				LogAssemblyErrors (0ms)
				InitializePlatformSupportModulesInManaged (16ms)
				SetLoadedEditorAssemblies (1ms)
				RefreshPlugins (1ms)
				BeforeProcessingInitializeOnLoad (111ms)
				ProcessInitializeOnLoadAttributes (347ms)
				ProcessInitializeOnLoadMethodAttributes (42ms)
				AfterProcessingInitializeOnLoad (11ms)
				EditorAssembliesLoaded (0ms)
			ExecutionOrderSort2 (0ms)
			AwakeInstancesAfterBackupRestoration (19ms)
Platform modules already initialized, skipping
Refreshing native plugins compatible for Editor in 3.18 ms, found 3 plugins.
Preloading 0 native plugins for Editor in 0.00 ms.
Unloading 4425 Unused Serialized files (Serialized files now loaded: 0)
Unloading 21 unused Assets / (80.4 KB). Loaded Objects now: 4903.
Memory consumption went from 156.0 MB to 155.9 MB.
Total: 5.518700 ms (FindLiveObjects: 0.380700 ms CreateObjectMapping: 0.338200 ms MarkObjects: 4.687300 ms  DeleteObjects: 0.111400 ms)

AssetImportParameters requested are different than current active one (requested -> active):
  custom:video-decoder-ogg-theora: a1e56fd34408186e4bbccfd4996cb3dc -> 
  custom:container-muxer-webm: aa71ff27fc2769a1b78a27578f13a17b -> 
  custom:container-demuxer-webm: 4f35f7cbe854078d1ac9338744f61a02 -> 
  custom:video-encoder-webm-vp8: eb34c28f22e8b96e1ab97ce403110664 -> 
  custom:video-codec-MediaFoundation-h265: 746d11721c4dcdbdad8f713fa42b33f4 -> 
  custom:audio-encoder-webm-vorbis: bf7c407c2cedff20999df2af8eb42d56 -> 
  custom:framework-win-MediaFoundation: 216162199b28c13a410421893ffa2e32 -> 
  custom:container-demuxer-ogg: 62fdf1f143b41e24485cea50d1cbac27 -> 
  custom:video-decoder-webm-vp8: 9c59270c3fd7afecdb556c50c9e8de78 -> 
  custom:audio-decoder-ogg-vorbis: bf7c407c2cedff20999df2af8eb42d56 -> 
========================================================================
Received Import Request.
  Time since last request: 31.810107 seconds.
  path: Assets/Fungus/Resources/Prefabs/MenuDialog.prefab
  artifactKey: Guid(9bb64c8df70904eecac3f71f81bf339b) Importer(815301076,1909f56bfc062723c751e8b465ee728b)
Start importing Assets/Fungus/Resources/Prefabs/MenuDialog.prefab using Guid(9bb64c8df70904eecac3f71f81bf339b) Importer(815301076,1909f56bfc062723c751e8b465ee728b)  -> (artifact id: '15d36679c42b9e47a6c576ec8b07a206') in 0.115401 seconds 
========================================================================
Received Import Request.
  Time since last request: 4.006246 seconds.
  path: Assets/Fungus/Scripts/Components/DialogInput.cs
  artifactKey: Guid(43b85556abd314f3f870c18c013fdcef) Importer(815301076,1909f56bfc062723c751e8b465ee728b)
Start importing Assets/Fungus/Scripts/Components/DialogInput.cs using Guid(43b85556abd314f3f870c18c013fdcef) Importer(815301076,1909f56bfc062723c751e8b465ee728b)  -> (artifact id: 'f2253769515e3eb6d07f47edfc45c28c') in 0.028532 seconds 
========================================================================
Received Import Request.
  Time since last request: 705.243880 seconds.
  path: Assets/Fungus/Scripts/Components/DialogInput.cs
  artifactKey: Guid(43b85556abd314f3f870c18c013fdcef) Importer(815301076,1909f56bfc062723c751e8b465ee728b)
Start importing Assets/Fungus/Scripts/Components/DialogInput.cs using Guid(43b85556abd314f3f870c18c013fdcef) Importer(815301076,1909f56bfc062723c751e8b465ee728b)  -> (artifact id: 'abcfff36921f05e0a5dfc62862259ddb') in 0.015307 seconds 
========================================================================
Received Import Request.
  Time since last request: 133.069705 seconds.
  path: Assets/Fungus/Scripts/Components
  artifactKey: Guid(cd598e3b678e74763876d546c8b0fd9f) Importer(815301076,1909f56bfc062723c751e8b465ee728b)
Start importing Assets/Fungus/Scripts/Components using Guid(cd598e3b678e74763876d546c8b0fd9f) Importer(815301076,1909f56bfc062723c751e8b465ee728b)  -> (artifact id: '0b5d2d4680249d6d08b5d5e2b863aeb0') in 0.015417 seconds 
